[08-Sep-2022 02:01:03 Europe/Berlin] inicio de aplicacion web
[08-Sep-2022 02:01:03 Europe/Berlin] SESSIONCONTROLLER::validateSession
[08-Sep-2022 02:01:03 Europe/Berlin] SESSIONCONTROLLER::getCurrentPage ->
[08-Sep-2022 02:01:03 Europe/Berlin] sessionController::isPublic(): currentURL => 
[08-Sep-2022 02:01:03 Europe/Berlin] SessionController::validateSession() public page
[08-Sep-2022 02:01:03 Europe/Berlin] Login::construct->inicio de login
[08-Sep-2022 02:01:03 Europe/Berlin] Login::Render->Carga el index del login
[08-Sep-2022 02:01:08 Europe/Berlin] inicio de aplicacion web
[08-Sep-2022 02:01:08 Europe/Berlin] SESSIONCONTROLLER::validateSession
[08-Sep-2022 02:01:08 Europe/Berlin] SESSIONCONTROLLER::getCurrentPage ->dashboard
[08-Sep-2022 02:01:08 Europe/Berlin] sessionController::isPublic(): currentURL => dashboard
[08-Sep-2022 02:01:08 Europe/Berlin] SessionController::validateSession() redirect al login
[08-Sep-2022 02:01:08 Europe/Berlin] Dashboard::construct->inicio de Dashboard
[08-Sep-2022 02:01:08 Europe/Berlin] Dashboard::Render->Carga el index del Dashboard
[08-Sep-2022 02:01:08 Europe/Berlin] inicio de aplicacion web
[08-Sep-2022 02:01:08 Europe/Berlin] SESSIONCONTROLLER::validateSession
[08-Sep-2022 02:01:08 Europe/Berlin] SESSIONCONTROLLER::getCurrentPage ->
[08-Sep-2022 02:01:08 Europe/Berlin] sessionController::isPublic(): currentURL => 
[08-Sep-2022 02:01:08 Europe/Berlin] SessionController::validateSession() public page
[08-Sep-2022 02:01:08 Europe/Berlin] Login::construct->inicio de login
[08-Sep-2022 02:01:08 Europe/Berlin] Login::Render->Carga el index del login
